Analysis & Synthesis report for MatrixMeister
Thu Oct 26 16:10:37 2017
Quartus Prime Version 17.0.0 Build 595 04/25/2017 SJ Lite Edition


---------------------
; Table of Contents ;
---------------------
  1. Legal Notice
  2. Analysis & Synthesis Summary
  3. Analysis & Synthesis Settings
  4. Parallel Compilation
  5. Analysis & Synthesis Source Files Read
  6. Analysis & Synthesis Resource Usage Summary
  7. Analysis & Synthesis Resource Utilization by Entity
  8. Analysis & Synthesis IP Cores Summary
  9. Registers Removed During Synthesis
 10. General Register Statistics
 11. Inverted Register Statistics
 12. Multiplexer Restructuring Statistics (Restructuring Performed)
 13. Source assignments for RAM:ramr|altsyncram:altsyncram_component|altsyncram_nk64:auto_generated
 14. Parameter Settings for User Entity Instance: RAM:ramr|altsyncram:altsyncram_component
 15. altsyncram Parameter Settings by Entity Instance
 16. Port Connectivity Checks: "RAM:ramr"
 17. Post-Synthesis Netlist Statistics for Top Partition
 18. Elapsed Time Per Partition
 19. Analysis & Synthesis Messages



----------------
; Legal Notice ;
----------------
Copyright (C) 2017  Intel Corporation. All rights reserved.
Your use of Intel Corporation's design tools, logic functions 
and other software and tools, and its AMPP partner logic 
functions, and any output files from any of the foregoing 
(including device programming or simulation files), and any 
associated documentation or information are expressly subject 
to the terms and conditions of the Intel Program License 
Subscription Agreement, the Intel Quartus Prime License Agreement,
the Intel MegaCore Function License Agreement, or other 
applicable license agreement, including, without limitation, 
that your use is for the sole purpose of programming logic 
devices manufactured by Intel and sold by Intel or its 
authorized distributors.  Please refer to the applicable 
agreement for further details.



+-------------------------------------------------------------------------------+
; Analysis & Synthesis Summary                                                  ;
+---------------------------------+---------------------------------------------+
; Analysis & Synthesis Status     ; Successful - Thu Oct 26 16:10:37 2017       ;
; Quartus Prime Version           ; 17.0.0 Build 595 04/25/2017 SJ Lite Edition ;
; Revision Name                   ; MatrixMeister                               ;
; Top-level Entity Name           ; Overview                                    ;
; Family                          ; Cyclone V                                   ;
; Logic utilization (in ALMs)     ; N/A                                         ;
; Total registers                 ; 196                                         ;
; Total pins                      ; 3                                           ;
; Total virtual pins              ; 0                                           ;
; Total block memory bits         ; 0                                           ;
; Total DSP Blocks                ; 0                                           ;
; Total HSSI RX PCSs              ; 0                                           ;
; Total HSSI PMA RX Deserializers ; 0                                           ;
; Total HSSI TX PCSs              ; 0                                           ;
; Total HSSI PMA TX Serializers   ; 0                                           ;
; Total PLLs                      ; 0                                           ;
; Total DLLs                      ; 0                                           ;
+---------------------------------+---------------------------------------------+


+---------------------------------------------------------------------------------------------------------------------------+
; Analysis & Synthesis Settings                                                                                             ;
+---------------------------------------------------------------------------------+--------------------+--------------------+
; Option                                                                          ; Setting            ; Default Value      ;
+---------------------------------------------------------------------------------+--------------------+--------------------+
; Device                                                                          ; 5CGXFC7C7F23C8     ;                    ;
; Top-level entity name                                                           ; overview           ; MatrixMeister      ;
; Family name                                                                     ; Cyclone V          ; Cyclone V          ;
; Use smart compilation                                                           ; Off                ; Off                ;
; Enable parallel Assembler and TimeQuest Timing Analyzer during compilation      ; On                 ; On                 ;
; Enable compact report table                                                     ; Off                ; Off                ;
; Restructure Multiplexers                                                        ; Auto               ; Auto               ;
; MLAB Add Timing Constraints For Mixed-Port Feed-Through Mode Setting Don't Care ; Off                ; Off                ;
; Create Debugging Nodes for IP Cores                                             ; Off                ; Off                ;
; Preserve fewer node names                                                       ; On                 ; On                 ;
; OpenCore Plus hardware evaluation                                               ; Enable             ; Enable             ;
; Verilog Version                                                                 ; Verilog_2001       ; Verilog_2001       ;
; VHDL Version                                                                    ; VHDL_1993          ; VHDL_1993          ;
; State Machine Processing                                                        ; Auto               ; Auto               ;
; Safe State Machine                                                              ; Off                ; Off                ;
; Extract Verilog State Machines                                                  ; On                 ; On                 ;
; Extract VHDL State Machines                                                     ; On                 ; On                 ;
; Ignore Verilog initial constructs                                               ; Off                ; Off                ;
; Iteration limit for constant Verilog loops                                      ; 5000               ; 5000               ;
; Iteration limit for non-constant Verilog loops                                  ; 250                ; 250                ;
; Add Pass-Through Logic to Inferred RAMs                                         ; On                 ; On                 ;
; Infer RAMs from Raw Logic                                                       ; On                 ; On                 ;
; Parallel Synthesis                                                              ; On                 ; On                 ;
; DSP Block Balancing                                                             ; Auto               ; Auto               ;
; NOT Gate Push-Back                                                              ; On                 ; On                 ;
; Power-Up Don't Care                                                             ; On                 ; On                 ;
; Remove Redundant Logic Cells                                                    ; Off                ; Off                ;
; Remove Duplicate Registers                                                      ; On                 ; On                 ;
; Ignore CARRY Buffers                                                            ; Off                ; Off                ;
; Ignore CASCADE Buffers                                                          ; Off                ; Off                ;
; Ignore GLOBAL Buffers                                                           ; Off                ; Off                ;
; Ignore ROW GLOBAL Buffers                                                       ; Off                ; Off                ;
; Ignore LCELL Buffers                                                            ; Off                ; Off                ;
; Ignore SOFT Buffers                                                             ; On                 ; On                 ;
; Limit AHDL Integers to 32 Bits                                                  ; Off                ; Off                ;
; Optimization Technique                                                          ; Balanced           ; Balanced           ;
; Carry Chain Length                                                              ; 70                 ; 70                 ;
; Auto Carry Chains                                                               ; On                 ; On                 ;
; Auto Open-Drain Pins                                                            ; On                 ; On                 ;
; Perform WYSIWYG Primitive Resynthesis                                           ; Off                ; Off                ;
; Auto ROM Replacement                                                            ; On                 ; On                 ;
; Auto RAM Replacement                                                            ; On                 ; On                 ;
; Auto DSP Block Replacement                                                      ; On                 ; On                 ;
; Auto Shift Register Replacement                                                 ; Auto               ; Auto               ;
; Allow Shift Register Merging across Hierarchies                                 ; Auto               ; Auto               ;
; Auto Clock Enable Replacement                                                   ; On                 ; On                 ;
; Strict RAM Replacement                                                          ; Off                ; Off                ;
; Allow Synchronous Control Signals                                               ; On                 ; On                 ;
; Force Use of Synchronous Clear Signals                                          ; Off                ; Off                ;
; Auto Resource Sharing                                                           ; Off                ; Off                ;
; Allow Any RAM Size For Recognition                                              ; Off                ; Off                ;
; Allow Any ROM Size For Recognition                                              ; Off                ; Off                ;
; Allow Any Shift Register Size For Recognition                                   ; Off                ; Off                ;
; Use LogicLock Constraints during Resource Balancing                             ; On                 ; On                 ;
; Ignore translate_off and synthesis_off directives                               ; Off                ; Off                ;
; Timing-Driven Synthesis                                                         ; On                 ; On                 ;
; Report Parameter Settings                                                       ; On                 ; On                 ;
; Report Source Assignments                                                       ; On                 ; On                 ;
; Report Connectivity Checks                                                      ; On                 ; On                 ;
; Ignore Maximum Fan-Out Assignments                                              ; Off                ; Off                ;
; Synchronization Register Chain Length                                           ; 3                  ; 3                  ;
; PowerPlay Power Optimization During Synthesis                                   ; Normal compilation ; Normal compilation ;
; HDL message level                                                               ; Level2             ; Level2             ;
; Suppress Register Optimization Related Messages                                 ; Off                ; Off                ;
; Number of Removed Registers Reported in Synthesis Report                        ; 5000               ; 5000               ;
; Number of Swept Nodes Reported in Synthesis Report                              ; 5000               ; 5000               ;
; Number of Inverted Registers Reported in Synthesis Report                       ; 100                ; 100                ;
; Clock MUX Protection                                                            ; On                 ; On                 ;
; Auto Gated Clock Conversion                                                     ; Off                ; Off                ;
; Block Design Naming                                                             ; Auto               ; Auto               ;
; SDC constraint protection                                                       ; Off                ; Off                ;
; Synthesis Effort                                                                ; Auto               ; Auto               ;
; Shift Register Replacement - Allow Asynchronous Clear Signal                    ; On                 ; On                 ;
; Pre-Mapping Resynthesis Optimization                                            ; Off                ; Off                ;
; Analysis & Synthesis Message Level                                              ; Medium             ; Medium             ;
; Disable Register Merging Across Hierarchies                                     ; Auto               ; Auto               ;
; Resource Aware Inference For Block RAM                                          ; On                 ; On                 ;
; Automatic Parallel Synthesis                                                    ; On                 ; On                 ;
; Partial Reconfiguration Bitstream ID                                            ; Off                ; Off                ;
+---------------------------------------------------------------------------------+--------------------+--------------------+


+------------------------------------------+
; Parallel Compilation                     ;
+----------------------------+-------------+
; Processors                 ; Number      ;
+----------------------------+-------------+
; Number detected on machine ; 2           ;
; Maximum allowed            ; 2           ;
;                            ;             ;
; Average used               ; 1.00        ;
; Maximum used               ; 2           ;
;                            ;             ;
; Usage by Processor         ; % Time Used ;
;     Processor 1            ; 100.0%      ;
;     Processor 2            ;   0.0%      ;
+----------------------------+-------------+


+----------------------------------------------------------------------------------------------------------------------------------------------------------------------------------------------+
; Analysis & Synthesis Source Files Read                                                                                                                                                       ;
+----------------------------------+-----------------+---------------------------------------+---------------------------------------------------------------------------------------+---------+
; File Name with User-Entered Path ; Used in Netlist ; File Type                             ; File Name with Absolute Path                                                          ; Library ;
+----------------------------------+-----------------+---------------------------------------+---------------------------------------------------------------------------------------+---------+
; overview.vhd                     ; yes             ; User VHDL File                        ; //Mac/Home/Documents/GitHub/Embedded_Computer_Architecture_Ex2/overview.vhd           ;         ;
; Ram.hex                          ; yes             ; User Hexadecimal (Intel-Format) File  ; //Mac/Home/Documents/GitHub/Embedded_Computer_Architecture_Ex2/Ram.hex                ;         ;
; RAM.vhd                          ; yes             ; User Wizard-Generated File            ; //Mac/Home/Documents/GitHub/Embedded_Computer_Architecture_Ex2/RAM.vhd                ;         ;
; altsyncram.tdf                   ; yes             ; Megafunction                          ; c:/intelfpga_lite/17.0/quartus/libraries/megafunctions/altsyncram.tdf                 ;         ;
; stratix_ram_block.inc            ; yes             ; Megafunction                          ; c:/intelfpga_lite/17.0/quartus/libraries/megafunctions/stratix_ram_block.inc          ;         ;
; lpm_mux.inc                      ; yes             ; Megafunction                          ; c:/intelfpga_lite/17.0/quartus/libraries/megafunctions/lpm_mux.inc                    ;         ;
; lpm_decode.inc                   ; yes             ; Megafunction                          ; c:/intelfpga_lite/17.0/quartus/libraries/megafunctions/lpm_decode.inc                 ;         ;
; aglobal170.inc                   ; yes             ; Megafunction                          ; c:/intelfpga_lite/17.0/quartus/libraries/megafunctions/aglobal170.inc                 ;         ;
; a_rdenreg.inc                    ; yes             ; Megafunction                          ; c:/intelfpga_lite/17.0/quartus/libraries/megafunctions/a_rdenreg.inc                  ;         ;
; altrom.inc                       ; yes             ; Megafunction                          ; c:/intelfpga_lite/17.0/quartus/libraries/megafunctions/altrom.inc                     ;         ;
; altram.inc                       ; yes             ; Megafunction                          ; c:/intelfpga_lite/17.0/quartus/libraries/megafunctions/altram.inc                     ;         ;
; altdpram.inc                     ; yes             ; Megafunction                          ; c:/intelfpga_lite/17.0/quartus/libraries/megafunctions/altdpram.inc                   ;         ;
; db/altsyncram_nk64.tdf           ; yes             ; Auto-Generated Megafunction           ; //Mac/Home/Documents/GitHub/Embedded_Computer_Architecture_Ex2/db/altsyncram_nk64.tdf ;         ;
+----------------------------------+-----------------+---------------------------------------+---------------------------------------------------------------------------------------+---------+


+---------------------------------------------------------+
; Analysis & Synthesis Resource Usage Summary             ;
+---------------------------------------------+-----------+
; Resource                                    ; Usage     ;
+---------------------------------------------+-----------+
; Estimate of Logic utilization (ALMs needed) ; 166       ;
;                                             ;           ;
; Combinational ALUT usage for logic          ; 273       ;
;     -- 7 input functions                    ; 0         ;
;     -- 6 input functions                    ; 59        ;
;     -- 5 input functions                    ; 12        ;
;     -- 4 input functions                    ; 3         ;
;     -- <=3 input functions                  ; 199       ;
;                                             ;           ;
; Dedicated logic registers                   ; 196       ;
;                                             ;           ;
; I/O pins                                    ; 3         ;
;                                             ;           ;
; Total DSP Blocks                            ; 0         ;
;                                             ;           ;
; Maximum fan-out node                        ; clk~input ;
; Maximum fan-out                             ; 196       ;
; Total fan-out                               ; 1635      ;
; Average fan-out                             ; 3.44      ;
+---------------------------------------------+-----------+


+----------------------------------------------------------------------------------------------------------------------------------------------------------------------------------------+
; Analysis & Synthesis Resource Utilization by Entity                                                                                                                                    ;
+----------------------------+---------------------+---------------------------+-------------------+------------+------+--------------+---------------------+-------------+--------------+
; Compilation Hierarchy Node ; Combinational ALUTs ; Dedicated Logic Registers ; Block Memory Bits ; DSP Blocks ; Pins ; Virtual Pins ; Full Hierarchy Name ; Entity Name ; Library Name ;
+----------------------------+---------------------+---------------------------+-------------------+------------+------+--------------+---------------------+-------------+--------------+
; |Overview                  ; 273 (273)           ; 196 (196)                 ; 0                 ; 0          ; 3    ; 0            ; |Overview           ; Overview    ; work         ;
+----------------------------+---------------------+---------------------------+-------------------+------------+------+--------------+---------------------+-------------+--------------+
Note: For table entries with two numbers listed, the numbers in parentheses indicate the number of resources of the given type used by the specific entity alone. The numbers listed outside of parentheses indicate the total resources of the given type used by the specific entity and all of its sub-entities in the hierarchy.


+------------------------------------------------------------------------------------------------------+
; Analysis & Synthesis IP Cores Summary                                                                ;
+--------+--------------+---------+--------------+--------------+--------------------+-----------------+
; Vendor ; IP Core Name ; Version ; Release Date ; License Type ; Entity Instance    ; IP Include File ;
+--------+--------------+---------+--------------+--------------+--------------------+-----------------+
; Altera ; RAM: 1-PORT  ; 17.0    ; N/A          ; N/A          ; |Overview|RAM:ramr ; RAM.vhd         ;
+--------+--------------+---------+--------------+--------------+--------------------+-----------------+


+--------------------------------------------------------------+
; Registers Removed During Synthesis                           ;
+-----------------------------------------+--------------------+
; Register name                           ; Reason for Removal ;
+-----------------------------------------+--------------------+
; ReturnValue[0..31]                      ; Lost fanout        ;
; WriteEnable                             ; Lost fanout        ;
; AddressSig[0..8]                        ; Lost fanout        ;
; \CONVERSION:addValueY[0..30]            ; Lost fanout        ;
; \CONVERSION:mulValueY[0..30]            ; Lost fanout        ;
; \CONVERSION:MultiResult[0..31]          ; Lost fanout        ;
; Total Number of Removed Registers = 136 ;                    ;
+-----------------------------------------+--------------------+


+------------------------------------------------------+
; General Register Statistics                          ;
+----------------------------------------------+-------+
; Statistic                                    ; Value ;
+----------------------------------------------+-------+
; Total registers                              ; 196   ;
; Number of registers using Synchronous Clear  ; 161   ;
; Number of registers using Synchronous Load   ; 32    ;
; Number of registers using Asynchronous Clear ; 0     ;
; Number of registers using Asynchronous Load  ; 0     ;
; Number of registers using Clock Enable       ; 192   ;
; Number of registers using Preset             ; 0     ;
+----------------------------------------------+-------+


+--------------------------------------------------+
; Inverted Register Statistics                     ;
+----------------------------------------+---------+
; Inverted Register                      ; Fan out ;
+----------------------------------------+---------+
; \CONVERSION:additionDone               ; 6       ;
; Total number of inverted registers = 1 ;         ;
+----------------------------------------+---------+


+------------------------------------------------------------------------------------------------------------------------------------------+
; Multiplexer Restructuring Statistics (Restructuring Performed)                                                                           ;
+--------------------+-----------+---------------+----------------------+------------------------+------------+----------------------------+
; Multiplexer Inputs ; Bus Width ; Baseline Area ; Area if Restructured ; Saving if Restructured ; Registered ; Example Multiplexer Output ;
+--------------------+-----------+---------------+----------------------+------------------------+------------+----------------------------+
; 3:1                ; 32 bits   ; 64 LEs        ; 0 LEs                ; 64 LEs                 ; Yes        ; |Overview|J[1]             ;
; 3:1                ; 32 bits   ; 64 LEs        ; 0 LEs                ; 64 LEs                 ; Yes        ; |Overview|I[13]            ;
+--------------------+-----------+---------------+----------------------+------------------------+------------+----------------------------+


+------------------------------------------------------------------------------------------------+
; Source assignments for RAM:ramr|altsyncram:altsyncram_component|altsyncram_nk64:auto_generated ;
+---------------------------------+--------------------+------+----------------------------------+
; Assignment                      ; Value              ; From ; To                               ;
+---------------------------------+--------------------+------+----------------------------------+
; OPTIMIZE_POWER_DURING_SYNTHESIS ; NORMAL_COMPILATION ; -    ; -                                ;
+---------------------------------+--------------------+------+----------------------------------+


+----------------------------------------------------------------------------------------------------------------------+
; Parameter Settings for User Entity Instance: RAM:ramr|altsyncram:altsyncram_component                                ;
+------------------------------------+----------------------------------------------------------------+----------------+
; Parameter Name                     ; Value                                                          ; Type           ;
+------------------------------------+----------------------------------------------------------------+----------------+
; BYTE_SIZE_BLOCK                    ; 8                                                              ; Untyped        ;
; AUTO_CARRY_CHAINS                  ; ON                                                             ; AUTO_CARRY     ;
; IGNORE_CARRY_BUFFERS               ; OFF                                                            ; IGNORE_CARRY   ;
; AUTO_CASCADE_CHAINS                ; ON                                                             ; AUTO_CASCADE   ;
; IGNORE_CASCADE_BUFFERS             ; OFF                                                            ; IGNORE_CASCADE ;
; WIDTH_BYTEENA                      ; 1                                                              ; Untyped        ;
; OPERATION_MODE                     ; SINGLE_PORT                                                    ; Untyped        ;
; WIDTH_A                            ; 32                                                             ; Signed Integer ;
; WIDTHAD_A                          ; 9                                                              ; Signed Integer ;
; NUMWORDS_A                         ; 512                                                            ; Signed Integer ;
; OUTDATA_REG_A                      ; CLOCK0                                                         ; Untyped        ;
; ADDRESS_ACLR_A                     ; NONE                                                           ; Untyped        ;
; OUTDATA_ACLR_A                     ; NONE                                                           ; Untyped        ;
; WRCONTROL_ACLR_A                   ; NONE                                                           ; Untyped        ;
; INDATA_ACLR_A                      ; NONE                                                           ; Untyped        ;
; BYTEENA_ACLR_A                     ; NONE                                                           ; Untyped        ;
; WIDTH_B                            ; 1                                                              ; Signed Integer ;
; WIDTHAD_B                          ; 1                                                              ; Signed Integer ;
; NUMWORDS_B                         ; 0                                                              ; Signed Integer ;
; INDATA_REG_B                       ; CLOCK1                                                         ; Untyped        ;
; WRCONTROL_WRADDRESS_REG_B          ; CLOCK1                                                         ; Untyped        ;
; RDCONTROL_REG_B                    ; CLOCK1                                                         ; Untyped        ;
; ADDRESS_REG_B                      ; CLOCK1                                                         ; Untyped        ;
; OUTDATA_REG_B                      ; UNREGISTERED                                                   ; Untyped        ;
; BYTEENA_REG_B                      ; CLOCK1                                                         ; Untyped        ;
; INDATA_ACLR_B                      ; NONE                                                           ; Untyped        ;
; WRCONTROL_ACLR_B                   ; NONE                                                           ; Untyped        ;
; ADDRESS_ACLR_B                     ; NONE                                                           ; Untyped        ;
; OUTDATA_ACLR_B                     ; NONE                                                           ; Untyped        ;
; RDCONTROL_ACLR_B                   ; NONE                                                           ; Untyped        ;
; BYTEENA_ACLR_B                     ; NONE                                                           ; Untyped        ;
; WIDTH_BYTEENA_A                    ; 1                                                              ; Signed Integer ;
; WIDTH_BYTEENA_B                    ; 1                                                              ; Signed Integer ;
; RAM_BLOCK_TYPE                     ; AUTO                                                           ; Untyped        ;
; BYTE_SIZE                          ; 8                                                              ; Signed Integer ;
; READ_DURING_WRITE_MODE_MIXED_PORTS ; DONT_CARE                                                      ; Untyped        ;
; READ_DURING_WRITE_MODE_PORT_A      ; NEW_DATA_NO_NBE_READ                                           ; Untyped        ;
; READ_DURING_WRITE_MODE_PORT_B      ; NEW_DATA_NO_NBE_READ                                           ; Untyped        ;
; INIT_FILE                          ; Y:/Documents/GitHub/Embedded_Computer_Architecture_Ex2/Ram.hex ; Untyped        ;
; INIT_FILE_LAYOUT                   ; PORT_A                                                         ; Untyped        ;
; MAXIMUM_DEPTH                      ; 0                                                              ; Signed Integer ;
; CLOCK_ENABLE_INPUT_A               ; BYPASS                                                         ; Untyped        ;
; CLOCK_ENABLE_INPUT_B               ; NORMAL                                                         ; Untyped        ;
; CLOCK_ENABLE_OUTPUT_A              ; BYPASS                                                         ; Untyped        ;
; CLOCK_ENABLE_OUTPUT_B              ; NORMAL                                                         ; Untyped        ;
; CLOCK_ENABLE_CORE_A                ; USE_INPUT_CLKEN                                                ; Untyped        ;
; CLOCK_ENABLE_CORE_B                ; USE_INPUT_CLKEN                                                ; Untyped        ;
; ENABLE_ECC                         ; FALSE                                                          ; Untyped        ;
; ECC_PIPELINE_STAGE_ENABLED         ; FALSE                                                          ; Untyped        ;
; WIDTH_ECCSTATUS                    ; 3                                                              ; Signed Integer ;
; DEVICE_FAMILY                      ; Cyclone V                                                      ; Untyped        ;
; CBXI_PARAMETER                     ; altsyncram_nk64                                                ; Untyped        ;
+------------------------------------+----------------------------------------------------------------+----------------+
Note: In order to hide this table in the UI and the text report file, please set the "Show Parameter Settings in Synthesis Report" option in "Analysis and Synthesis Settings -> More Settings" to "Off".


+--------------------------------------------------------------------------------------+
; altsyncram Parameter Settings by Entity Instance                                     ;
+-------------------------------------------+------------------------------------------+
; Name                                      ; Value                                    ;
+-------------------------------------------+------------------------------------------+
; Number of entity instances                ; 1                                        ;
; Entity Instance                           ; RAM:ramr|altsyncram:altsyncram_component ;
;     -- OPERATION_MODE                     ; SINGLE_PORT                              ;
;     -- WIDTH_A                            ; 32                                       ;
;     -- NUMWORDS_A                         ; 512                                      ;
;     -- OUTDATA_REG_A                      ; CLOCK0                                   ;
;     -- WIDTH_B                            ; 1                                        ;
;     -- NUMWORDS_B                         ; 0                                        ;
;     -- ADDRESS_REG_B                      ; CLOCK1                                   ;
;     -- OUTDATA_REG_B                      ; UNREGISTERED                             ;
;     -- RAM_BLOCK_TYPE                     ; AUTO                                     ;
;     -- READ_DURING_WRITE_MODE_MIXED_PORTS ; DONT_CARE                                ;
+-------------------------------------------+------------------------------------------+


+-----------------------------------------------------------------------------------------------------------------+
; Port Connectivity Checks: "RAM:ramr"                                                                            ;
+-------+--------+----------+-------------------------------------------------------------------------------------+
; Port  ; Type   ; Severity ; Details                                                                             ;
+-------+--------+----------+-------------------------------------------------------------------------------------+
; q[31] ; Output ; Info     ; Connected to dangling logic. Logic that only feeds a dangling port will be removed. ;
+-------+--------+----------+-------------------------------------------------------------------------------------+


+-----------------------------------------------------+
; Post-Synthesis Netlist Statistics for Top Partition ;
+-----------------------+-----------------------------+
; Type                  ; Count                       ;
+-----------------------+-----------------------------+
; arriav_ff             ; 196                         ;
;     ENA SCLR          ; 160                         ;
;     ENA SLD           ; 32                          ;
;     SCLR              ; 1                           ;
;     plain             ; 3                           ;
; arriav_lcell_comb     ; 273                         ;
;     arith             ; 192                         ;
;         1 data inputs ; 191                         ;
;         2 data inputs ; 1                           ;
;     normal            ; 81                          ;
;         2 data inputs ; 4                           ;
;         3 data inputs ; 3                           ;
;         4 data inputs ; 3                           ;
;         5 data inputs ; 12                          ;
;         6 data inputs ; 59                          ;
; boundary_port         ; 3                           ;
;                       ;                             ;
; Max LUT depth         ; 8.50                        ;
; Average LUT depth     ; 5.05                        ;
+-----------------------+-----------------------------+


+-------------------------------+
; Elapsed Time Per Partition    ;
+----------------+--------------+
; Partition Name ; Elapsed Time ;
+----------------+--------------+
; Top            ; 00:00:01     ;
+----------------+--------------+


+-------------------------------+
; Analysis & Synthesis Messages ;
+-------------------------------+
Info: *******************************************************************
Info: Running Quartus Prime Analysis & Synthesis
    Info: Version 17.0.0 Build 595 04/25/2017 SJ Lite Edition
    Info: Processing started: Thu Oct 26 16:10:08 2017
Info: Command: quartus_map --read_settings_files=on --write_settings_files=off MatrixMeister -c MatrixMeister
Warning (18236): Number of processors has not been specified which may cause overloading on shared machines.  Set the global assignment NUM_PARALLEL_PROCESSORS in your QSF to an appropriate value for best performance.
Info (20030): Parallel compilation is enabled and will use 2 of the 2 processors detected
Info (12021): Found 2 design units, including 1 entities, in source file overview.vhd
    Info (12022): Found design unit 1: Overview-structure File: //Mac/Home/Documents/GitHub/Embedded_Computer_Architecture_Ex2/overview.vhd Line: 12
    Info (12023): Found entity 1: Overview File: //Mac/Home/Documents/GitHub/Embedded_Computer_Architecture_Ex2/overview.vhd Line: 4
Info (12021): Found 2 design units, including 1 entities, in source file calculator.vhd
    Info (12022): Found design unit 1: Calculator-structure File: //Mac/Home/Documents/GitHub/Embedded_Computer_Architecture_Ex2/Calculator.vhd Line: 13
    Info (12023): Found entity 1: Calculator File: //Mac/Home/Documents/GitHub/Embedded_Computer_Architecture_Ex2/Calculator.vhd Line: 4
Info (12021): Found 2 design units, including 1 entities, in source file ram.vhd
    Info (12022): Found design unit 1: ram-SYN File: //Mac/Home/Documents/GitHub/Embedded_Computer_Architecture_Ex2/RAM.vhd Line: 55
    Info (12023): Found entity 1: RAM File: //Mac/Home/Documents/GitHub/Embedded_Computer_Architecture_Ex2/RAM.vhd Line: 43
Info (12127): Elaborating entity "overview" for the top level hierarchy
Info (12128): Elaborating entity "RAM" for hierarchy "RAM:ramr" File: //Mac/Home/Documents/GitHub/Embedded_Computer_Architecture_Ex2/overview.vhd Line: 40
Info (12128): Elaborating entity "altsyncram" for hierarchy "RAM:ramr|altsyncram:altsyncram_component" File: //Mac/Home/Documents/GitHub/Embedded_Computer_Architecture_Ex2/RAM.vhd Line: 62
Info (12130): Elaborated megafunction instantiation "RAM:ramr|altsyncram:altsyncram_component" File: //Mac/Home/Documents/GitHub/Embedded_Computer_Architecture_Ex2/RAM.vhd Line: 62
Info (12133): Instantiated megafunction "RAM:ramr|altsyncram:altsyncram_component" with the following parameter: File: //Mac/Home/Documents/GitHub/Embedded_Computer_Architecture_Ex2/RAM.vhd Line: 62
    Info (12134): Parameter "address_aclr_a" = "UNUSED"
    Info (12134): Parameter "address_aclr_b" = "NONE"
    Info (12134): Parameter "address_reg_b" = "CLOCK1"
    Info (12134): Parameter "byte_size" = "8"
    Info (12134): Parameter "byteena_aclr_a" = "UNUSED"
    Info (12134): Parameter "byteena_aclr_b" = "NONE"
    Info (12134): Parameter "byteena_reg_b" = "CLOCK1"
    Info (12134): Parameter "clock_enable_core_a" = "USE_INPUT_CLKEN"
    Info (12134): Parameter "clock_enable_core_b" = "USE_INPUT_CLKEN"
    Info (12134): Parameter "clock_enable_input_a" = "BYPASS"
    Info (12134): Parameter "clock_enable_input_b" = "NORMAL"
    Info (12134): Parameter "clock_enable_output_a" = "BYPASS"
    Info (12134): Parameter "clock_enable_output_b" = "NORMAL"
    Info (12134): Parameter "intended_device_family" = "Cyclone V"
    Info (12134): Parameter "ecc_pipeline_stage_enabled" = "FALSE"
    Info (12134): Parameter "enable_ecc" = "FALSE"
    Info (12134): Parameter "implement_in_les" = "OFF"
    Info (12134): Parameter "indata_aclr_a" = "UNUSED"
    Info (12134): Parameter "indata_aclr_b" = "NONE"
    Info (12134): Parameter "indata_reg_b" = "CLOCK1"
    Info (12134): Parameter "init_file" = "Y:/Documents/GitHub/Embedded_Computer_Architecture_Ex2/Ram.hex"
    Info (12134): Parameter "init_file_layout" = "PORT_A"
    Info (12134): Parameter "maximum_depth" = "0"
    Info (12134): Parameter "numwords_a" = "512"
    Info (12134): Parameter "numwords_b" = "0"
    Info (12134): Parameter "operation_mode" = "SINGLE_PORT"
    Info (12134): Parameter "outdata_aclr_a" = "NONE"
    Info (12134): Parameter "outdata_aclr_b" = "NONE"
    Info (12134): Parameter "outdata_reg_a" = "CLOCK0"
    Info (12134): Parameter "outdata_reg_b" = "UNREGISTERED"
    Info (12134): Parameter "power_up_uninitialized" = "FALSE"
    Info (12134): Parameter "ram_block_type" = "AUTO"
    Info (12134): Parameter "rdcontrol_aclr_b" = "NONE"
    Info (12134): Parameter "rdcontrol_reg_b" = "CLOCK1"
    Info (12134): Parameter "read_during_write_mode_mixed_ports" = "DONT_CARE"
    Info (12134): Parameter "read_during_write_mode_port_a" = "NEW_DATA_NO_NBE_READ"
    Info (12134): Parameter "read_during_write_mode_port_b" = "NEW_DATA_NO_NBE_READ"
    Info (12134): Parameter "stratixiv_m144k_allow_dual_clocks" = "ON"
    Info (12134): Parameter "width_a" = "32"
    Info (12134): Parameter "width_b" = "1"
    Info (12134): Parameter "width_byteena_a" = "1"
    Info (12134): Parameter "width_byteena_b" = "1"
    Info (12134): Parameter "width_eccstatus" = "3"
    Info (12134): Parameter "widthad_a" = "9"
    Info (12134): Parameter "widthad_b" = "1"
    Info (12134): Parameter "wrcontrol_aclr_a" = "UNUSED"
    Info (12134): Parameter "wrcontrol_aclr_b" = "NONE"
    Info (12134): Parameter "wrcontrol_wraddress_reg_b" = "CLOCK1"
    Info (12134): Parameter "lpm_hint" = "ENABLE_RUNTIME_MOD=NO"
    Info (12134): Parameter "lpm_type" = "altsyncram"
Info (12021): Found 1 design units, including 1 entities, in source file db/altsyncram_nk64.tdf
    Info (12023): Found entity 1: altsyncram_nk64 File: //Mac/Home/Documents/GitHub/Embedded_Computer_Architecture_Ex2/db/altsyncram_nk64.tdf Line: 28
Info (12128): Elaborating entity "altsyncram_nk64" for hierarchy "RAM:ramr|altsyncram:altsyncram_component|altsyncram_nk64:auto_generated" File: c:/intelfpga_lite/17.0/quartus/libraries/megafunctions/altsyncram.tdf Line: 792
Warning (14284): Synthesized away the following node(s):
    Warning (14285): Synthesized away the following RAM node(s):
        Warning (14320): Synthesized away node "RAM:ramr|altsyncram:altsyncram_component|altsyncram_nk64:auto_generated|q_a[31]" File: //Mac/Home/Documents/GitHub/Embedded_Computer_Architecture_Ex2/db/altsyncram_nk64.tdf Line: 812
Warning (14284): Synthesized away the following node(s):
    Warning (14285): Synthesized away the following RAM node(s):
        Warning (14320): Synthesized away node "RAM:ramr|altsyncram:altsyncram_component|altsyncram_nk64:auto_generated|q_a[0]" File: //Mac/Home/Documents/GitHub/Embedded_Computer_Architecture_Ex2/db/altsyncram_nk64.tdf Line: 37
        Warning (14320): Synthesized away node "RAM:ramr|altsyncram:altsyncram_component|altsyncram_nk64:auto_generated|q_a[1]" File: //Mac/Home/Documents/GitHub/Embedded_Computer_Architecture_Ex2/db/altsyncram_nk64.tdf Line: 62
        Warning (14320): Synthesized away node "RAM:ramr|altsyncram:altsyncram_component|altsyncram_nk64:auto_generated|q_a[2]" File: //Mac/Home/Documents/GitHub/Embedded_Computer_Architecture_Ex2/db/altsyncram_nk64.tdf Line: 87
        Warning (14320): Synthesized away node "RAM:ramr|altsyncram:altsyncram_component|altsyncram_nk64:auto_generated|q_a[3]" File: //Mac/Home/Documents/GitHub/Embedded_Computer_Architecture_Ex2/db/altsyncram_nk64.tdf Line: 112
        Warning (14320): Synthesized away node "RAM:ramr|altsyncram:altsyncram_component|altsyncram_nk64:auto_generated|q_a[4]" File: //Mac/Home/Documents/GitHub/Embedded_Computer_Architecture_Ex2/db/altsyncram_nk64.tdf Line: 137
        Warning (14320): Synthesized away node "RAM:ramr|altsyncram:altsyncram_component|altsyncram_nk64:auto_generated|q_a[5]" File: //Mac/Home/Documents/GitHub/Embedded_Computer_Architecture_Ex2/db/altsyncram_nk64.tdf Line: 162
        Warning (14320): Synthesized away node "RAM:ramr|altsyncram:altsyncram_component|altsyncram_nk64:auto_generated|q_a[6]" File: //Mac/Home/Documents/GitHub/Embedded_Computer_Architecture_Ex2/db/altsyncram_nk64.tdf Line: 187
        Warning (14320): Synthesized away node "RAM:ramr|altsyncram:altsyncram_component|altsyncram_nk64:auto_generated|q_a[7]" File: //Mac/Home/Documents/GitHub/Embedded_Computer_Architecture_Ex2/db/altsyncram_nk64.tdf Line: 212
        Warning (14320): Synthesized away node "RAM:ramr|altsyncram:altsyncram_component|altsyncram_nk64:auto_generated|q_a[8]" File: //Mac/Home/Documents/GitHub/Embedded_Computer_Architecture_Ex2/db/altsyncram_nk64.tdf Line: 237
        Warning (14320): Synthesized away node "RAM:ramr|altsyncram:altsyncram_component|altsyncram_nk64:auto_generated|q_a[9]" File: //Mac/Home/Documents/GitHub/Embedded_Computer_Architecture_Ex2/db/altsyncram_nk64.tdf Line: 262
        Warning (14320): Synthesized away node "RAM:ramr|altsyncram:altsyncram_component|altsyncram_nk64:auto_generated|q_a[10]" File: //Mac/Home/Documents/GitHub/Embedded_Computer_Architecture_Ex2/db/altsyncram_nk64.tdf Line: 287
        Warning (14320): Synthesized away node "RAM:ramr|altsyncram:altsyncram_component|altsyncram_nk64:auto_generated|q_a[11]" File: //Mac/Home/Documents/GitHub/Embedded_Computer_Architecture_Ex2/db/altsyncram_nk64.tdf Line: 312
        Warning (14320): Synthesized away node "RAM:ramr|altsyncram:altsyncram_component|altsyncram_nk64:auto_generated|q_a[12]" File: //Mac/Home/Documents/GitHub/Embedded_Computer_Architecture_Ex2/db/altsyncram_nk64.tdf Line: 337
        Warning (14320): Synthesized away node "RAM:ramr|altsyncram:altsyncram_component|altsyncram_nk64:auto_generated|q_a[13]" File: //Mac/Home/Documents/GitHub/Embedded_Computer_Architecture_Ex2/db/altsyncram_nk64.tdf Line: 362
        Warning (14320): Synthesized away node "RAM:ramr|altsyncram:altsyncram_component|altsyncram_nk64:auto_generated|q_a[14]" File: //Mac/Home/Documents/GitHub/Embedded_Computer_Architecture_Ex2/db/altsyncram_nk64.tdf Line: 387
        Warning (14320): Synthesized away node "RAM:ramr|altsyncram:altsyncram_component|altsyncram_nk64:auto_generated|q_a[15]" File: //Mac/Home/Documents/GitHub/Embedded_Computer_Architecture_Ex2/db/altsyncram_nk64.tdf Line: 412
        Warning (14320): Synthesized away node "RAM:ramr|altsyncram:altsyncram_component|altsyncram_nk64:auto_generated|q_a[16]" File: //Mac/Home/Documents/GitHub/Embedded_Computer_Architecture_Ex2/db/altsyncram_nk64.tdf Line: 437
        Warning (14320): Synthesized away node "RAM:ramr|altsyncram:altsyncram_component|altsyncram_nk64:auto_generated|q_a[17]" File: //Mac/Home/Documents/GitHub/Embedded_Computer_Architecture_Ex2/db/altsyncram_nk64.tdf Line: 462
        Warning (14320): Synthesized away node "RAM:ramr|altsyncram:altsyncram_component|altsyncram_nk64:auto_generated|q_a[18]" File: //Mac/Home/Documents/GitHub/Embedded_Computer_Architecture_Ex2/db/altsyncram_nk64.tdf Line: 487
        Warning (14320): Synthesized away node "RAM:ramr|altsyncram:altsyncram_component|altsyncram_nk64:auto_generated|q_a[19]" File: //Mac/Home/Documents/GitHub/Embedded_Computer_Architecture_Ex2/db/altsyncram_nk64.tdf Line: 512
        Warning (14320): Synthesized away node "RAM:ramr|altsyncram:altsyncram_component|altsyncram_nk64:auto_generated|q_a[20]" File: //Mac/Home/Documents/GitHub/Embedded_Computer_Architecture_Ex2/db/altsyncram_nk64.tdf Line: 537
        Warning (14320): Synthesized away node "RAM:ramr|altsyncram:altsyncram_component|altsyncram_nk64:auto_generated|q_a[21]" File: //Mac/Home/Documents/GitHub/Embedded_Computer_Architecture_Ex2/db/altsyncram_nk64.tdf Line: 562
        Warning (14320): Synthesized away node "RAM:ramr|altsyncram:altsyncram_component|altsyncram_nk64:auto_generated|q_a[22]" File: //Mac/Home/Documents/GitHub/Embedded_Computer_Architecture_Ex2/db/altsyncram_nk64.tdf Line: 587
        Warning (14320): Synthesized away node "RAM:ramr|altsyncram:altsyncram_component|altsyncram_nk64:auto_generated|q_a[23]" File: //Mac/Home/Documents/GitHub/Embedded_Computer_Architecture_Ex2/db/altsyncram_nk64.tdf Line: 612
        Warning (14320): Synthesized away node "RAM:ramr|altsyncram:altsyncram_component|altsyncram_nk64:auto_generated|q_a[24]" File: //Mac/Home/Documents/GitHub/Embedded_Computer_Architecture_Ex2/db/altsyncram_nk64.tdf Line: 637
        Warning (14320): Synthesized away node "RAM:ramr|altsyncram:altsyncram_component|altsyncram_nk64:auto_generated|q_a[25]" File: //Mac/Home/Documents/GitHub/Embedded_Computer_Architecture_Ex2/db/altsyncram_nk64.tdf Line: 662
        Warning (14320): Synthesized away node "RAM:ramr|altsyncram:altsyncram_component|altsyncram_nk64:auto_generated|q_a[26]" File: //Mac/Home/Documents/GitHub/Embedded_Computer_Architecture_Ex2/db/altsyncram_nk64.tdf Line: 687
        Warning (14320): Synthesized away node "RAM:ramr|altsyncram:altsyncram_component|altsyncram_nk64:auto_generated|q_a[27]" File: //Mac/Home/Documents/GitHub/Embedded_Computer_Architecture_Ex2/db/altsyncram_nk64.tdf Line: 712
        Warning (14320): Synthesized away node "RAM:ramr|altsyncram:altsyncram_component|altsyncram_nk64:auto_generated|q_a[28]" File: //Mac/Home/Documents/GitHub/Embedded_Computer_Architecture_Ex2/db/altsyncram_nk64.tdf Line: 737
        Warning (14320): Synthesized away node "RAM:ramr|altsyncram:altsyncram_component|altsyncram_nk64:auto_generated|q_a[29]" File: //Mac/Home/Documents/GitHub/Embedded_Computer_Architecture_Ex2/db/altsyncram_nk64.tdf Line: 762
        Warning (14320): Synthesized away node "RAM:ramr|altsyncram:altsyncram_component|altsyncram_nk64:auto_generated|q_a[30]" File: //Mac/Home/Documents/GitHub/Embedded_Computer_Architecture_Ex2/db/altsyncram_nk64.tdf Line: 787
Info (286030): Timing-Driven Synthesis is running
Info (17049): 136 registers lost all their fanouts during netlist optimizations.
Info (16010): Generating hard_block partition "hard_block:auto_generated_inst"
    Info (16011): Adding 0 node(s), including 0 DDIO, 0 PLL, 0 transceiver and 0 LCELL
Warning (21074): Design contains 1 input pin(s) that do not drive logic
    Warning (15610): No output dependent on input pin "reset" File: //Mac/Home/Documents/GitHub/Embedded_Computer_Architecture_Ex2/overview.vhd Line: 7
Info (21057): Implemented 340 device resources after synthesis - the final resource count might be different
    Info (21058): Implemented 2 input pins
    Info (21059): Implemented 1 output pins
    Info (21061): Implemented 337 logic cells
Info: Quartus Prime Analysis & Synthesis was successful. 0 errors, 39 warnings
    Info: Peak virtual memory: 760 megabytes
    Info: Processing ended: Thu Oct 26 16:10:37 2017
    Info: Elapsed time: 00:00:29
    Info: Total CPU time (on all processors): 00:00:29


